<component name="libraryTable">
  <library name="junit-jupiter-params-5.4.2-javadoc">
    <CLASSES>
      <root url="jar://$PROJECT_DIR$/lib/junit-jupiter-params-5.4.2-javadoc.jar!/" />
    </CLASSES>
    <JAVADOC />
    <SOURCES />
    <jarDirectory url="jar://$PROJECT_DIR$/lib/junit-jupiter-params-5.4.2-javadoc.jar!/" recursive="false" />
  </library>
</component>